[ 2025-04-07 00:53:32 ] [ morgan ] [ info ] : $method /api/auth/register 200 - 0.922 ms
[ 2025-04-07 01:01:39 ] [ morgan ] [ info ] : $method /api/auth/login 200 - 0.152 ms
[ 2025-04-07 01:14:10 ] [ morgan ] [ info ] : $method /api/auth/login 200 - 0.147 ms
[ 2025-04-07 01:14:19 ] [ morgan ] [ info ] : $method /api/auth/login 200 - 0.068 ms
[ 2025-04-07 01:14:20 ] [ morgan ] [ info ] : $method /api/auth/login 200 - 0.081 ms
[ 2025-04-07 01:14:20 ] [ morgan ] [ info ] : $method /api/auth/login 200 - 0.082 ms
[ 2025-04-07 01:14:20 ] [ morgan ] [ info ] : $method /api/auth/login 200 - 0.168 ms
[ 2025-04-07 01:14:21 ] [ morgan ] [ info ] : $method /api/auth/login 200 - 0.071 ms
[ 2025-04-07 01:14:21 ] [ morgan ] [ info ] : $method /api/auth/login 200 - 0.095 ms
[ 2025-04-07 01:20:37 ] [ morgan ] [ info ] : $method /api/auth/login 200 - 0.436 ms
[ 2025-04-07 01:21:37 ] [ morgan ] [ error ] : $method /api/health 404 - 1.412 ms - message: -
[ 2025-04-07 01:26:08 ] [ morgan ] [ error ] : $method /api/auth/login 404 - 0.866 ms - message: -
[ 2025-04-07 01:26:24 ] [ morgan ] [ error ] : $method /api/auth/login 400 - 111.050 ms - message: User not found
[ 2025-04-07 01:28:08 ] [ morgan ] [ info ] : $method /api/auth/login 200 - 0.075 ms
[ 2025-04-07 01:28:35 ] [ morgan ] [ info ] : $method /api/auth/login 200 - 0.060 ms
[ 2025-04-07 01:29:57 ] [ morgan ] [ error ] : $method /api/auth/profile 404 - 0.353 ms - message: -
[ 2025-04-07 01:30:11 ] [ morgan ] [ error ] : $method /api/auth/profile 404 - 0.217 ms - message: -
[ 2025-04-07 01:30:49 ] [ morgan ] [ error ] : $method /api/auth/profile 404 - 0.302 ms - message: -
[ 2025-04-07 01:30:56 ] [ morgan ] [ info ] : $method /api/auth/login 200 - 0.166 ms
[ 2025-04-07 01:31:08 ] [ morgan ] [ info ] : $method /api/auth/login 200 - 0.052 ms
[ 2025-04-07 01:32:05 ] [ morgan ] [ error ] : $method /api/auth/profile 404 - 0.480 ms - message: -
[ 2025-04-07 01:32:40 ] [ morgan ] [ error ] : $method /api/auth/profile 404 - 0.289 ms - message: -
[ 2025-04-07 01:34:40 ] [ morgan ] [ info ] : $method /api/auth/login 200 - 0.104 ms
[ 2025-04-07 01:35:29 ] [ morgan ] [ error ] : $method / 404 - 0.154 ms - message: -
[ 2025-04-07 01:36:23 ] [ morgan ] [ error ] : $method /api/auth/login 404 - 0.268 ms - message: -
[ 2025-04-07 01:36:33 ] [ morgan ] [ error ] : $method /auth/login 404 - 0.157 ms - message: -
[ 2025-04-07 01:38:34 ] [ morgan ] [ error ] : $method /api/auth/profile 404 - 0.256 ms - message: -
[ 2025-04-07 01:38:39 ] [ morgan ] [ error ] : $method /api/auth/profile 404 - 0.345 ms - message: -
[ 2025-04-07 01:38:47 ] [ morgan ] [ info ] : $method /api/auth/login 200 - 0.093 ms
[ 2025-04-07 01:38:57 ] [ morgan ] [ info ] : $method /api/auth/login 200 - 0.054 ms
[ 2025-04-07 01:38:57 ] [ morgan ] [ info ] : $method /api/auth/login 200 - 0.089 ms
[ 2025-04-07 01:38:57 ] [ morgan ] [ info ] : $method /api/auth/login 200 - 0.053 ms
[ 2025-04-07 01:38:57 ] [ morgan ] [ info ] : $method /api/auth/login 200 - 0.052 ms
[ 2025-04-07 01:38:58 ] [ morgan ] [ info ] : $method /api/auth/login 200 - 0.053 ms
[ 2025-04-07 01:38:58 ] [ morgan ] [ info ] : $method /api/auth/login 200 - 0.056 ms
[ 2025-04-07 01:40:09 ] [ morgan ] [ error ] : $method /api/auth/profile 404 - 0.286 ms - message: -
[ 2025-04-07 01:40:14 ] [ morgan ] [ error ] : $method / 404 - 0.381 ms - message: -
[ 2025-04-07 01:40:34 ] [ morgan ] [ error ] : $method /api/auth/profile 404 - 0.258 ms - message: -
[ 2025-04-07 01:41:04 ] [ morgan ] [ error ] : $method /api/auth/profile 404 - 0.213 ms - message: -
[ 2025-04-07 01:41:45 ] [ morgan ] [ error ] : $method /api/auth/profile 404 - 0.283 ms - message: -
[ 2025-04-07 01:42:02 ] [ morgan ] [ error ] : $method /api/auth/profile 404 - 0.256 ms - message: -
[ 2025-04-07 01:42:19 ] [ morgan ] [ error ] : $method /api/auth/profile 404 - 0.280 ms - message: -
[ 2025-04-07 01:44:06 ] [ morgan ] [ info ] : $method /api/auth/login 200 - 1.287 ms
[ 2025-04-07 01:49:28 ] [ morgan ] [ info ] : $method /api/auth/login 200 - 0.136 ms
[ 2025-04-07 01:49:29 ] [ morgan ] [ info ] : $method /api/auth/login 200 - 0.089 ms
[ 2025-04-07 01:49:30 ] [ morgan ] [ info ] : $method /api/auth/login 200 - 0.091 ms
